2022-12-29 09:47:31,588 - Initializing Velocity, Calling init()...
2022-12-29 09:47:31,588 - Starting Apache Velocity v1.7 (compiled: 2010-11-19 12:14:37)
2022-12-29 09:47:31,588 - Default Properties File: org/apache/velocity/runtime/defaults/velocity.properties
2022-12-29 09:47:31,588 - Trying to use logger class org.apache.velocity.runtime.log.AvalonLogChute
2022-12-29 09:47:31,588 - Target log system for org.apache.velocity.runtime.log.AvalonLogChute is not available (java.lang.NoClassDefFoundError: org/apache/log/format/Formatter).  Falling back to next log system...
2022-12-29 09:47:31,588 - Trying to use logger class org.apache.velocity.runtime.log.Log4JLogChute
2022-12-29 09:47:31,588 - Using logger class org.apache.velocity.runtime.log.Log4JLogChute
2022-12-29 09:47:31,592 - ResourceLoader instantiated: org.apache.velocity.runtime.resource.loader.FileResourceLoader
2022-12-29 09:47:31,592 - Do unicode file recognition:  false
2022-12-29 09:47:31,593 - FileResourceLoader : adding path '.'
2022-12-29 09:47:31,601 - ResourceCache: initialized (class org.apache.velocity.runtime.resource.ResourceCacheImpl) with class java.util.Collections$SynchronizedMap cache map.
2022-12-29 09:47:31,603 - Loaded System Directive: org.apache.velocity.runtime.directive.Stop
2022-12-29 09:47:31,603 - Loaded System Directive: org.apache.velocity.runtime.directive.Define
2022-12-29 09:47:31,604 - Loaded System Directive: org.apache.velocity.runtime.directive.Break
2022-12-29 09:47:31,604 - Loaded System Directive: org.apache.velocity.runtime.directive.Evaluate
2022-12-29 09:47:31,604 - Loaded System Directive: org.apache.velocity.runtime.directive.Literal
2022-12-29 09:47:31,605 - Loaded System Directive: org.apache.velocity.runtime.directive.Macro
2022-12-29 09:47:31,606 - Loaded System Directive: org.apache.velocity.runtime.directive.Parse
2022-12-29 09:47:31,606 - Loaded System Directive: org.apache.velocity.runtime.directive.Include
2022-12-29 09:47:31,607 - Loaded System Directive: org.apache.velocity.runtime.directive.Foreach
2022-12-29 09:47:31,625 - Created '20' parsers.
2022-12-29 09:47:31,629 - Velocimacro : "velocimacro.library" is not set.  Trying default library: VM_global_library.vm
2022-12-29 09:47:31,629 - Velocimacro : Default library not found.
2022-12-29 09:47:31,629 - Velocimacro : allowInline = true : VMs can be defined inline in templates
2022-12-29 09:47:31,629 - Velocimacro : allowInlineToOverride = false : VMs defined inline may NOT replace previous VM definitions
2022-12-29 09:47:31,629 - Velocimacro : allowInlineLocal = false : VMs defined inline will be global in scope if allowed.
2022-12-29 09:47:31,629 - Velocimacro : autoload off : VM system will not automatically reload global library macros
